<?xml version="1.0" encoding="UTF-8"?>
  <testsuite tests="1" failures="0" time="71.238413283">
      <testcase name="[service-catalog] ServiceInstance should verify an Instance can be deleted if referenced service class does not exist." classname="e2e Suite" time="0">
          <skipped></skipped>
      </testcase>
      <testcase name="[service-catalog] ClusterServiceBroker should become ready" classname="e2e Suite" time="0">
          <skipped></skipped>
      </testcase>
      <testcase name="[service-catalog] Test MySQL broker service Runs through the default plan" classname="e2e Suite" time="0">
          <skipped></skipped>
      </testcase>
      <testcase name="[service-catalog] Test PostgreSQL broker service Runs through the default plan" classname="e2e Suite" time="0">
          <skipped></skipped>
      </testcase>
      <testcase name="[service-catalog] Test PostgreSQL broker service Runs through the ha-postgresql plan" classname="e2e Suite" time="0">
          <skipped></skipped>
      </testcase>
      <testcase name="[service-catalog] Test Elasticsearch broker service Runs through the default plan" classname="e2e Suite" time="0">
          <skipped></skipped>
      </testcase>
      <testcase name="[service-catalog] Test Elasticsearch broker service Runs through the elasticsearch-cluster plan" classname="e2e Suite" time="71.160138381"></testcase>
      <testcase name="[service-catalog] Test MongoDb broker service Runs through the default plan" classname="e2e Suite" time="0">
          <skipped></skipped>
      </testcase>
      <testcase name="[service-catalog] Test MongoDb broker service Runs through the mongodb-cluster plan" classname="e2e Suite" time="0">
          <skipped></skipped>
      </testcase>
      <testcase name="[service-catalog] Test Redis broker service Runs through the default plan" classname="e2e Suite" time="0">
          <skipped></skipped>
      </testcase>
      <testcase name="[service-catalog] Test Memcached broker service Runs through the default plan" classname="e2e Suite" time="0">
          <skipped></skipped>
      </testcase>
  </testsuite>